#
# There is insufficient memory for the Java Runtime Environment to continue.
# Native memory allocation (mmap) failed to map 268435456 bytes for Failed to commit area from 0x0000000701200000 to 0x0000000711200000 of length 268435456.
# Possible reasons:
#   The system is out of physical RAM or swap space
#   The process is running with CompressedOops enabled, and the Java Heap may be blocking the growth of the native heap
# Possible solutions:
#   Reduce memory load on the system
#   Increase physical memory or swap space
#   Check if swap backing store is full
#   Decrease Java heap size (-Xmx/-Xms)
#   Decrease number of Java threads
#   Decrease Java thread stack sizes (-Xss)
#   Set larger code cache with -XX:ReservedCodeCacheSize=
# This output file may be truncated or incomplete.
#
#  Out of Memory Error (c:/BuildAgent/work/64e6ab55ab19e5a9/src/hotspot/os/windows/os_windows.cpp:3272), pid=10148, tid=12680
#
# JRE version:  (11.0.2+9) (build )
# Java VM: OpenJDK 64-Bit Server VM (11.0.2+9-b159.56, mixed mode, aot, sharing, tiered, compressed oops, g1 gc, windows-amd64)
# No core dump will be written. Minidumps are not enabled by default on client versions of Windows
#

---------------  S U M M A R Y ------------

Command Line: org.jetbrains.git4idea.http.GitAskPassApp Username for 'https://github.com': 

Host: Intel(R) Core(TM) i7-4720HQ CPU @ 2.60GHz, 8 cores, 15G,  Windows 10 , 64 bit Build 17763 (10.0.17763.437)
Time: Fri Jul  5 22:35:19 2019 ¢¥eCN©öI¡¾©ö C¡ÍA¨ª¨öA elapsed time: 0 seconds (0d 0h 0m 0s)

---------------  T H R E A D  ---------------

Current thread (0x0000021c426a6000):  JavaThread "Unknown thread" [_thread_in_vm, id=12680, stack(0x0000004743c00000,0x0000004743d00000)]

Stack: [0x0000004743c00000,0x0000004743d00000]
Native frames: (J=compiled Java code, j=interpreted, Vv=VM code, C=native code)
V  [jvm.dll+0x5da82a]
V  [jvm.dll+0x70b6c9]
V  [jvm.dll+0x70cbe8]
V  [jvm.dll+0x70d2b3]
V  [jvm.dll+0x240f18]
V  [jvm.dll+0x5d7fc4]
V  [jvm.dll+0x5cd115]
V  [jvm.dll+0x2fa5eb]
V  [jvm.dll+0x2fa55a]
V  [jvm.dll+0x2fa432]
V  [jvm.dll+0x2ff316]
V  [jvm.dll+0x347993]
V  [jvm.dll+0x348096]
V  [jvm.dll+0x347a93]
V  [jvm.dll+0x2d5588]
V  [jvm.dll+0x2d66c7]
V  [jvm.dll+0x6eaac7]
V  [jvm.dll+0x6ec22c]
V  [jvm.dll+0x3551c9]
V  [jvm.dll+0x6d274e]
V  [jvm.dll+0x3bd953]
V  [jvm.dll+0x3bfcc1]
C  [java.exe+0x3763]
C  [java.exe+0x17a0c]
C  [KERNEL32.DLL+0x17974]
C  [ntdll.dll+0x6a271]


---------------  P R O C E S S  ---------------

Threads class SMR info:
_java_thread_list=0x0000021c404388e0, length=0, elements={
}

Java Threads: ( => current thread )

Other Threads:
  0x0000021c426bd800 GCTaskThread "GC Thread#0" [stack: 0x0000004743d00000,0x0000004743e00000] [id=10292]
  0x0000021c4271a000 ConcurrentGCThread "G1 Main Marker" [stack: 0x0000004743e00000,0x0000004743f00000] [id=9768]
  0x0000021c4271b800 ConcurrentGCThread "G1 Conc#0" [stack: 0x0000004743f00000,0x0000004744000000] [id=1404]

[error occurred during error reporting (printing all threads), id 0xc0000005, EXCEPTION_ACCESS_VIOLATION (0xc0000005) at pc=0x00007fffc5ed5687]

VM state:not at safepoint (not fully initialized)

VM Mutex/Monitor currently owned by a thread:  ([mutex/lock_event])
[0x0000021c426a1d70] Heap_lock - owner thread: 0x0000021c426a6000

Heap address: 0x0000000701200000, size: 4078 MB, Compressed Oops mode: Non-zero based: 0x0000000701200000
Narrow klass base: 0x0000000000000000, Narrow klass shift: 0

GC Heap History (0 events):
No events

Deoptimization events (0 events):
No events

Classes redefined (0 events):
No events

Internal exceptions (0 events):
No events

Events (0 events):
No events


Dynamic libraries:
0x00007ff65c230000 - 0x00007ff65c277000 	C:\Program Files\JetBrains\PyCharm 2019.1.2\jre64\bin\java.exe
0x00007ffffaba0000 - 0x00007ffffad8d000 	C:\WINDOWS\SYSTEM32\ntdll.dll
0x00007ffffa510000 - 0x00007ffffa5c3000 	C:\WINDOWS\System32\KERNEL32.DLL
0x00007ffff6df0000 - 0x00007ffff7083000 	C:\WINDOWS\System32\KERNELBASE.dll
0x00007ffff8060000 - 0x00007ffff81f7000 	C:\WINDOWS\System32\USER32.dll
0x00007ffff7db0000 - 0x00007ffff7dd0000 	C:\WINDOWS\System32\win32u.dll
0x00007ffffa2a0000 - 0x00007ffffa2c9000 	C:\WINDOWS\System32\GDI32.dll
0x00007ffff7460000 - 0x00007ffff75fa000 	C:\WINDOWS\System32\gdi32full.dll
0x00007ffff7090000 - 0x00007ffff7130000 	C:\WINDOWS\System32\msvcp_win.dll
0x00007ffff7130000 - 0x00007ffff722a000 	C:\WINDOWS\System32\ucrtbase.dll
0x00007fffebdc0000 - 0x00007fffec039000 	C:\WINDOWS\WinSxS\amd64_microsoft.windows.common-controls_6595b64144ccf1df_6.0.17763.437_none_05b63dca071e5dd6\COMCTL32.dll
0x00007ffff7dd0000 - 0x00007ffff7e6e000 	C:\WINDOWS\System32\msvcrt.dll
0x00007ffffa840000 - 0x00007ffffab6c000 	C:\WINDOWS\System32\combase.dll
0x00007ffff9970000 - 0x00007ffff9a92000 	C:\WINDOWS\System32\RPCRT4.dll
0x00007ffff6d70000 - 0x00007ffff6dee000 	C:\WINDOWS\System32\bcryptPrimitives.dll
0x00007ffff9c40000 - 0x00007ffff9c6e000 	C:\WINDOWS\System32\IMM32.DLL
0x00007fffc6a40000 - 0x00007fffc6a57000 	C:\Program Files\JetBrains\PyCharm 2019.1.2\jre64\bin\vcruntime140.dll
0x00007fffc59a0000 - 0x00007fffc5a3d000 	C:\Program Files\JetBrains\PyCharm 2019.1.2\jre64\bin\msvcp140.dll
0x00007fffc5bf0000 - 0x00007fffc66a6000 	C:\Program Files\JetBrains\PyCharm 2019.1.2\jre64\bin\server\jvm.dll
0x00007ffffa630000 - 0x00007ffffa6d3000 	C:\WINDOWS\System32\ADVAPI32.dll
0x00007ffff9ba0000 - 0x00007ffff9c3e000 	C:\WINDOWS\System32\sechost.dll
0x00007ffff8260000 - 0x00007ffff8268000 	C:\WINDOWS\System32\PSAPI.DLL
0x00007ffff13d0000 - 0x00007ffff13d9000 	C:\WINDOWS\SYSTEM32\WSOCK32.dll
0x00007fffecba0000 - 0x00007fffecbc4000 	C:\WINDOWS\SYSTEM32\WINMM.dll
0x00007fffedeb0000 - 0x00007fffedeba000 	C:\WINDOWS\SYSTEM32\VERSION.dll
0x00007ffff9ab0000 - 0x00007ffff9b1d000 	C:\WINDOWS\System32\WS2_32.dll
0x00007fffecb50000 - 0x00007fffecb7d000 	C:\WINDOWS\SYSTEM32\winmmbase.dll
0x00007ffff6d20000 - 0x00007ffff6d6a000 	C:\WINDOWS\System32\cfgmgr32.dll
0x00007ffff6c50000 - 0x00007ffff6c61000 	C:\WINDOWS\System32\kernel.appcore.dll
0x00007fffc6a20000 - 0x00007fffc6a31000 	C:\Program Files\JetBrains\PyCharm 2019.1.2\jre64\bin\verify.dll
0x00007fffeb190000 - 0x00007fffeb37d000 	C:\WINDOWS\SYSTEM32\DBGHELP.DLL
0x00007fffeada0000 - 0x00007fffeadca000 	C:\WINDOWS\SYSTEM32\dbgcore.DLL
0x00007fffc69f0000 - 0x00007fffc6a19000 	C:\Program Files\JetBrains\PyCharm 2019.1.2\jre64\bin\java.dll
0x00007fffc69d0000 - 0x00007fffc69e7000 	C:\Program Files\JetBrains\PyCharm 2019.1.2\jre64\bin\zip.dll
0x00007fffd10f0000 - 0x00007fffd10fb000 	C:\Program Files\JetBrains\PyCharm 2019.1.2\jre64\bin\jimage.dll

dbghelp: loaded successfully - version: 4.0.5 - missing functions: none
symbol engine: initialized successfully - sym options: 0x614 - pdb path: .;C:\Program Files\JetBrains\PyCharm 2019.1.2\jre64\bin;C:\WINDOWS\SYSTEM32;C:\WINDOWS\WinSxS\amd64_microsoft.windows.common-controls_6595b64144ccf1df_6.0.17763.437_none_05b63dca071e5dd6;C:\Program Files\JetBrains\PyCharm 2019.1.2\jre64\bin\server

VM Arguments:
java_command: org.jetbrains.git4idea.http.GitAskPassApp Username for 'https://github.com': 
java_class_path (initial): C:/Program Files/JetBrains/PyCharm 2019.1.2/plugins/git4idea/lib/git4idea-rt.jar;C:/Program Files/JetBrains/PyCharm 2019.1.2/lib/xmlrpc-2.0.1.jar;C:/Program Files/JetBrains/PyCharm 2019.1.2/lib/commons-codec-1.10.jar;C:/Program Files/JetBrains/PyCharm 2019.1.2/lib/util.jar
Launcher Type: SUN_STANDARD

[Global flags]
     intx CICompilerCount                          = 4                                         {product} {ergonomic}
     uint ConcGCThreads                            = 2                                         {product} {ergonomic}
     uint G1ConcRefinementThreads                  = 8                                         {product} {ergonomic}
   size_t G1HeapRegionSize                         = 1048576                                   {product} {ergonomic}
    uintx GCDrainStackTargetSize                   = 64                                        {product} {ergonomic}
   size_t InitialHeapSize                          = 268435456                                 {product} {ergonomic}
   size_t MarkStackSize                            = 4194304                                   {product} {ergonomic}
   size_t MaxHeapSize                              = 4276092928                                {product} {ergonomic}
   size_t MinHeapDeltaBytes                        = 1048576                                   {product} {ergonomic}
    uintx NonNMethodCodeHeapSize                   = 5835340                                {pd product} {ergonomic}
    uintx NonProfiledCodeHeapSize                  = 122911450                              {pd product} {ergonomic}
    uintx ProfiledCodeHeapSize                     = 122911450                              {pd product} {ergonomic}
    uintx ReservedCodeCacheSize                    = 251658240                              {pd product} {ergonomic}
     bool SegmentedCodeCache                       = true                                      {product} {ergonomic}
     bool UseCompressedClassPointers               = true                                 {lp64_product} {ergonomic}
     bool UseCompressedOops                        = true                                 {lp64_product} {ergonomic}
     bool UseG1GC                                  = true                                      {product} {ergonomic}
     bool UseLargePagesIndividualAllocation        = false                                  {pd product} {ergonomic}

Logging:
Log output configuration:
 #0: stdout all=warning uptime,level,tags
 #1: stderr all=off uptime,level,tags

Environment Variables:
PATH=C:/Program Files/Git/mingw64/libexec/git-core;C:/Program Files/Git/mingw64/libexec/git-core;C:\Program Files\Git\mingw64\bin;C:\Program Files\Git\usr\bin;C:\Users\º¯À±¼®\bin;C:\Program Files (x86)\Common Files\Oracle\Java\javapath;C:\Windows\system32;C:\Windows;C:\Windows\System32\Wbem;C:\Windows\System32\WindowsPowerShell\v1.0\;C:\Program Files (x86)\NVIDIA Corporation\PhysX\Common;C:\WINDOWS\system32;C:\WINDOWS;C:\WINDOWS\System32\Wbem;C:\WINDOWS\System32\WindowsPowerShell\v1.0\;C:\WINDOWS\System32\OpenSSH\;C:\Program Files\Java\jdk-10.0.2\bin;C:\Program Files (x86)\Microsoft SQL Server\100\Tools\Binn\;C:\Program Files\Microsoft SQL Server\100\Tools\Binn\;C:\Program Files\Microsoft SQL Server\100\DTS\Binn\;C:\Program Files\Intel\WiFi\bin\;C:\Program Files\Common Files\Intel\WirelessCommon\;"C:\Users\%UserName\AppData\Local\Programs\Python\Python37\Scripts\;";"C:\Users\%UserName\AppData\Local\Programs\Python\Python37;";C:\Program Files\Git\cmd;C:\Program Files\MATLAB\R2018a\runtime\win64;C:\Program Files\MATLAB\R2018a\bin;C:\Users\º¯À±¼®\AppData\Local\Programs\Python\Python37\Scripts\;C:\Users\º¯À±¼®\AppData\Local\Programs\Python\Python37\;C:\Users\º¯À±¼®\AppData\Local\Microsoft\WindowsApps;C:\Program Files\Intel\WiFi\bin\;C:\Program Files\Common Files\Intel\WirelessCommon\;C:\Users\º¯À±¼®\AppData\Local\GitHubDesktop\bin;C:\Program Files\JetBrains\PyCharm 2019.1.2\bin;
USERNAME=º¯À±¼®
DISPLAY=:0.0
OS=Windows_NT
PROCESSOR_IDENTIFIER=Intel64 Family 6 Model 60 Stepping 3, GenuineIntel



---------------  S Y S T E M  ---------------

OS: Windows 10 , 64 bit Build 17763 (10.0.17763.437)

CPU:total 8 (initial active 8) (4 cores per cpu, 2 threads per core) family 6 model 60 stepping 3, cmov, cx8, fxsr, mmx, sse, sse2, sse3, ssse3, sse4.1, sse4.2, popcnt, avx, avx2, aes, clmul, erms, lzcnt, ht, tsc, tscinvbit, bmi1, bmi2, fma

Memory: 4k page, system-wide physical 16304M (8159M free)
TotalPageFile size 65456M (AvailPageFile size 208M)
current process WorkingSet (physical memory assigned to process): 10M, peak: 10M
current process commit charge ("private bytes"): 60M, peak: 316M

vm_info: OpenJDK 64-Bit Server VM (11.0.2+9-b159.56) for windows-amd64 JRE (11.0.2+9-b159.56), built on Apr 30 2019 15:48:48 by "" with MS VC++ 14.0 (VS2015)

END.
